<?xml version="1.0" encoding="UTF-8"?>
<testsuite xmlns:xsi="http://www.w3.org/2001/XMLSchema-instance" xsi:noNamespaceSchemaLocation="https://maven.apache.org/surefire/maven-surefire-plugin/xsd/surefire-test-report.xsd" name="cn.wtyoha.maiosha.service.TestMiaoShaUserService" time="23.241" tests="1" errors="0" skipped="0" failures="0">
  <properties>
    <property name="java.specification.version" value="14"/>
    <property name="sun.jnu.encoding" value="UTF-8"/>
    <property name="java.class.path" value="/Users/tao.wang1thoughtworks.com/JavaWorks/Java-MiaoShaSystem/target/test-classes:/Users/tao.wang1thoughtworks.com/JavaWorks/Java-MiaoShaSystem/target/classes:/Users/tao.wang1thoughtworks.com/.m2/repository/org/springframework/boot/spring-boot-starter-web/2.2.2.RELEASE/spring-boot-starter-web-2.2.2.RELEASE.jar:/Users/tao.wang1thoughtworks.com/.m2/repository/org/springframework/boot/spring-boot-starter/2.2.2.RELEASE/spring-boot-starter-2.2.2.RELEASE.jar:/Users/tao.wang1thoughtworks.com/.m2/repository/jakarta/annotation/jakarta.annotation-api/1.3.5/jakarta.annotation-api-1.3.5.jar:/Users/tao.wang1thoughtworks.com/.m2/repository/org/yaml/snakeyaml/1.25/snakeyaml-1.25.jar:/Users/tao.wang1thoughtworks.com/.m2/repository/org/springframework/boot/spring-boot-starter-json/2.2.2.RELEASE/spring-boot-starter-json-2.2.2.RELEASE.jar:/Users/tao.wang1thoughtworks.com/.m2/repository/com/fasterxml/jackson/core/jackson-databind/2.10.1/jackson-databind-2.10.1.jar:/Users/tao.wang1thoughtworks.com/.m2/repository/com/fasterxml/jackson/core/jackson-annotations/2.10.1/jackson-annotations-2.10.1.jar:/Users/tao.wang1thoughtworks.com/.m2/repository/com/fasterxml/jackson/core/jackson-core/2.10.1/jackson-core-2.10.1.jar:/Users/tao.wang1thoughtworks.com/.m2/repository/com/fasterxml/jackson/datatype/jackson-datatype-jdk8/2.10.1/jackson-datatype-jdk8-2.10.1.jar:/Users/tao.wang1thoughtworks.com/.m2/repository/com/fasterxml/jackson/datatype/jackson-datatype-jsr310/2.10.1/jackson-datatype-jsr310-2.10.1.jar:/Users/tao.wang1thoughtworks.com/.m2/repository/com/fasterxml/jackson/module/jackson-module-parameter-names/2.10.1/jackson-module-parameter-names-2.10.1.jar:/Users/tao.wang1thoughtworks.com/.m2/repository/org/springframework/boot/spring-boot-starter-tomcat/2.2.2.RELEASE/spring-boot-starter-tomcat-2.2.2.RELEASE.jar:/Users/tao.wang1thoughtworks.com/.m2/repository/org/apache/tomcat/embed/tomcat-embed-core/9.0.29/tomcat-embed-core-9.0.29.jar:/Users/tao.wang1thoughtworks.com/.m2/repository/org/apache/tomcat/embed/tomcat-embed-websocket/9.0.29/tomcat-embed-websocket-9.0.29.jar:/Users/tao.wang1thoughtworks.com/.m2/repository/org/springframework/spring-web/5.2.2.RELEASE/spring-web-5.2.2.RELEASE.jar:/Users/tao.wang1thoughtworks.com/.m2/repository/org/springframework/spring-beans/5.2.2.RELEASE/spring-beans-5.2.2.RELEASE.jar:/Users/tao.wang1thoughtworks.com/.m2/repository/org/springframework/spring-webmvc/5.2.2.RELEASE/spring-webmvc-5.2.2.RELEASE.jar:/Users/tao.wang1thoughtworks.com/.m2/repository/org/springframework/spring-aop/5.2.2.RELEASE/spring-aop-5.2.2.RELEASE.jar:/Users/tao.wang1thoughtworks.com/.m2/repository/org/springframework/spring-context/5.2.2.RELEASE/spring-context-5.2.2.RELEASE.jar:/Users/tao.wang1thoughtworks.com/.m2/repository/org/springframework/spring-expression/5.2.2.RELEASE/spring-expression-5.2.2.RELEASE.jar:/Users/tao.wang1thoughtworks.com/.m2/repository/org/springframework/boot/spring-boot-starter-jdbc/2.2.2.RELEASE/spring-boot-starter-jdbc-2.2.2.RELEASE.jar:/Users/tao.wang1thoughtworks.com/.m2/repository/com/zaxxer/HikariCP/3.4.1/HikariCP-3.4.1.jar:/Users/tao.wang1thoughtworks.com/.m2/repository/org/springframework/spring-jdbc/5.2.2.RELEASE/spring-jdbc-5.2.2.RELEASE.jar:/Users/tao.wang1thoughtworks.com/.m2/repository/org/springframework/spring-tx/5.2.2.RELEASE/spring-tx-5.2.2.RELEASE.jar:/Users/tao.wang1thoughtworks.com/.m2/repository/org/mybatis/spring/boot/mybatis-spring-boot-starter/2.1.2/mybatis-spring-boot-starter-2.1.2.jar:/Users/tao.wang1thoughtworks.com/.m2/repository/org/mybatis/spring/boot/mybatis-spring-boot-autoconfigure/2.1.2/mybatis-spring-boot-autoconfigure-2.1.2.jar:/Users/tao.wang1thoughtworks.com/.m2/repository/org/mybatis/mybatis/3.5.4/mybatis-3.5.4.jar:/Users/tao.wang1thoughtworks.com/.m2/repository/org/mybatis/mybatis-spring/2.0.4/mybatis-spring-2.0.4.jar:/Users/tao.wang1thoughtworks.com/.m2/repository/mysql/mysql-connector-java/8.0.18/mysql-connector-java-8.0.18.jar:/Users/tao.wang1thoughtworks.com/.m2/repository/org/projectlombok/lombok/1.18.12/lombok-1.18.12.jar:/Users/tao.wang1thoughtworks.com/.m2/repository/org/springframework/boot/spring-boot-starter-logging/2.2.2.RELEASE/spring-boot-starter-logging-2.2.2.RELEASE.jar:/Users/tao.wang1thoughtworks.com/.m2/repository/ch/qos/logback/logback-classic/1.2.3/logback-classic-1.2.3.jar:/Users/tao.wang1thoughtworks.com/.m2/repository/ch/qos/logback/logback-core/1.2.3/logback-core-1.2.3.jar:/Users/tao.wang1thoughtworks.com/.m2/repository/org/apache/logging/log4j/log4j-to-slf4j/2.12.1/log4j-to-slf4j-2.12.1.jar:/Users/tao.wang1thoughtworks.com/.m2/repository/org/apache/logging/log4j/log4j-api/2.12.1/log4j-api-2.12.1.jar:/Users/tao.wang1thoughtworks.com/.m2/repository/org/slf4j/jul-to-slf4j/1.7.29/jul-to-slf4j-1.7.29.jar:/Users/tao.wang1thoughtworks.com/.m2/repository/tk/mybatis/mapper/4.1.5/mapper-4.1.5.jar:/Users/tao.wang1thoughtworks.com/.m2/repository/javax/persistence/persistence-api/1.0/persistence-api-1.0.jar:/Users/tao.wang1thoughtworks.com/.m2/repository/tk/mybatis/mapper-spring-boot-starter/2.1.5/mapper-spring-boot-starter-2.1.5.jar:/Users/tao.wang1thoughtworks.com/.m2/repository/tk/mybatis/mapper-core/1.1.5/mapper-core-1.1.5.jar:/Users/tao.wang1thoughtworks.com/.m2/repository/tk/mybatis/mapper-base/1.1.5/mapper-base-1.1.5.jar:/Users/tao.wang1thoughtworks.com/.m2/repository/tk/mybatis/mapper-weekend/1.1.5/mapper-weekend-1.1.5.jar:/Users/tao.wang1thoughtworks.com/.m2/repository/tk/mybatis/mapper-spring/1.1.5/mapper-spring-1.1.5.jar:/Users/tao.wang1thoughtworks.com/.m2/repository/tk/mybatis/mapper-extra/1.1.5/mapper-extra-1.1.5.jar:/Users/tao.wang1thoughtworks.com/.m2/repository/tk/mybatis/mapper-spring-boot-autoconfigure/2.1.5/mapper-spring-boot-autoconfigure-2.1.5.jar:/Users/tao.wang1thoughtworks.com/.m2/repository/com/alibaba/druid/1.1.20/druid-1.1.20.jar:/Users/tao.wang1thoughtworks.com/.m2/repository/redis/clients/jedis/3.1.0/jedis-3.1.0.jar:/Users/tao.wang1thoughtworks.com/.m2/repository/org/slf4j/slf4j-api/1.7.29/slf4j-api-1.7.29.jar:/Users/tao.wang1thoughtworks.com/.m2/repository/org/apache/commons/commons-pool2/2.7.0/commons-pool2-2.7.0.jar:/Users/tao.wang1thoughtworks.com/.m2/repository/com/alibaba/fastjson/1.2.68/fastjson-1.2.68.jar:/Users/tao.wang1thoughtworks.com/.m2/repository/org/springframework/boot/spring-boot-starter-validation/2.2.2.RELEASE/spring-boot-starter-validation-2.2.2.RELEASE.jar:/Users/tao.wang1thoughtworks.com/.m2/repository/jakarta/validation/jakarta.validation-api/2.0.1/jakarta.validation-api-2.0.1.jar:/Users/tao.wang1thoughtworks.com/.m2/repository/org/apache/tomcat/embed/tomcat-embed-el/9.0.29/tomcat-embed-el-9.0.29.jar:/Users/tao.wang1thoughtworks.com/.m2/repository/org/hibernate/validator/hibernate-validator/6.0.18.Final/hibernate-validator-6.0.18.Final.jar:/Users/tao.wang1thoughtworks.com/.m2/repository/org/jboss/logging/jboss-logging/3.4.1.Final/jboss-logging-3.4.1.Final.jar:/Users/tao.wang1thoughtworks.com/.m2/repository/com/fasterxml/classmate/1.5.1/classmate-1.5.1.jar:/Users/tao.wang1thoughtworks.com/.m2/repository/commons-codec/commons-codec/1.13/commons-codec-1.13.jar:/Users/tao.wang1thoughtworks.com/.m2/repository/org/apache/commons/commons-lang3/3.9/commons-lang3-3.9.jar:/Users/tao.wang1thoughtworks.com/.m2/repository/org/jsoup/jsoup/1.10.3/jsoup-1.10.3.jar:/Users/tao.wang1thoughtworks.com/.m2/repository/org/springframework/boot/spring-boot-autoconfigure/2.2.2.RELEASE/spring-boot-autoconfigure-2.2.2.RELEASE.jar:/Users/tao.wang1thoughtworks.com/.m2/repository/org/springframework/boot/spring-boot/2.2.2.RELEASE/spring-boot-2.2.2.RELEASE.jar:/Users/tao.wang1thoughtworks.com/.m2/repository/org/springframework/boot/spring-boot-starter-test/2.2.2.RELEASE/spring-boot-starter-test-2.2.2.RELEASE.jar:/Users/tao.wang1thoughtworks.com/.m2/repository/org/springframework/boot/spring-boot-test/2.2.2.RELEASE/spring-boot-test-2.2.2.RELEASE.jar:/Users/tao.wang1thoughtworks.com/.m2/repository/org/springframework/boot/spring-boot-test-autoconfigure/2.2.2.RELEASE/spring-boot-test-autoconfigure-2.2.2.RELEASE.jar:/Users/tao.wang1thoughtworks.com/.m2/repository/com/jayway/jsonpath/json-path/2.4.0/json-path-2.4.0.jar:/Users/tao.wang1thoughtworks.com/.m2/repository/net/minidev/json-smart/2.3/json-smart-2.3.jar:/Users/tao.wang1thoughtworks.com/.m2/repository/net/minidev/accessors-smart/1.2/accessors-smart-1.2.jar:/Users/tao.wang1thoughtworks.com/.m2/repository/jakarta/xml/bind/jakarta.xml.bind-api/2.3.2/jakarta.xml.bind-api-2.3.2.jar:/Users/tao.wang1thoughtworks.com/.m2/repository/jakarta/activation/jakarta.activation-api/1.2.1/jakarta.activation-api-1.2.1.jar:/Users/tao.wang1thoughtworks.com/.m2/repository/org/junit/jupiter/junit-jupiter/5.5.2/junit-jupiter-5.5.2.jar:/Users/tao.wang1thoughtworks.com/.m2/repository/org/junit/jupiter/junit-jupiter-api/5.5.2/junit-jupiter-api-5.5.2.jar:/Users/tao.wang1thoughtworks.com/.m2/repository/org/opentest4j/opentest4j/1.2.0/opentest4j-1.2.0.jar:/Users/tao.wang1thoughtworks.com/.m2/repository/org/junit/platform/junit-platform-commons/1.5.2/junit-platform-commons-1.5.2.jar:/Users/tao.wang1thoughtworks.com/.m2/repository/org/junit/jupiter/junit-jupiter-params/5.5.2/junit-jupiter-params-5.5.2.jar:/Users/tao.wang1thoughtworks.com/.m2/repository/org/junit/jupiter/junit-jupiter-engine/5.5.2/junit-jupiter-engine-5.5.2.jar:/Users/tao.wang1thoughtworks.com/.m2/repository/org/junit/vintage/junit-vintage-engine/5.5.2/junit-vintage-engine-5.5.2.jar:/Users/tao.wang1thoughtworks.com/.m2/repository/org/apiguardian/apiguardian-api/1.1.0/apiguardian-api-1.1.0.jar:/Users/tao.wang1thoughtworks.com/.m2/repository/org/junit/platform/junit-platform-engine/1.5.2/junit-platform-engine-1.5.2.jar:/Users/tao.wang1thoughtworks.com/.m2/repository/junit/junit/4.12/junit-4.12.jar:/Users/tao.wang1thoughtworks.com/.m2/repository/org/mockito/mockito-junit-jupiter/3.1.0/mockito-junit-jupiter-3.1.0.jar:/Users/tao.wang1thoughtworks.com/.m2/repository/org/assertj/assertj-core/3.13.2/assertj-core-3.13.2.jar:/Users/tao.wang1thoughtworks.com/.m2/repository/org/hamcrest/hamcrest/2.1/hamcrest-2.1.jar:/Users/tao.wang1thoughtworks.com/.m2/repository/org/mockito/mockito-core/3.1.0/mockito-core-3.1.0.jar:/Users/tao.wang1thoughtworks.com/.m2/repository/net/bytebuddy/byte-buddy/1.10.4/byte-buddy-1.10.4.jar:/Users/tao.wang1thoughtworks.com/.m2/repository/net/bytebuddy/byte-buddy-agent/1.10.4/byte-buddy-agent-1.10.4.jar:/Users/tao.wang1thoughtworks.com/.m2/repository/org/objenesis/objenesis/2.6/objenesis-2.6.jar:/Users/tao.wang1thoughtworks.com/.m2/repository/org/skyscreamer/jsonassert/1.5.0/jsonassert-1.5.0.jar:/Users/tao.wang1thoughtworks.com/.m2/repository/com/vaadin/external/google/android-json/0.0.20131108.vaadin1/android-json-0.0.20131108.vaadin1.jar:/Users/tao.wang1thoughtworks.com/.m2/repository/org/springframework/spring-core/5.2.2.RELEASE/spring-core-5.2.2.RELEASE.jar:/Users/tao.wang1thoughtworks.com/.m2/repository/org/springframework/spring-jcl/5.2.2.RELEASE/spring-jcl-5.2.2.RELEASE.jar:/Users/tao.wang1thoughtworks.com/.m2/repository/org/springframework/spring-test/5.2.2.RELEASE/spring-test-5.2.2.RELEASE.jar:/Users/tao.wang1thoughtworks.com/.m2/repository/org/xmlunit/xmlunit-core/2.6.3/xmlunit-core-2.6.3.jar:/Users/tao.wang1thoughtworks.com/.m2/repository/org/springframework/boot/spring-boot-devtools/2.2.2.RELEASE/spring-boot-devtools-2.2.2.RELEASE.jar:/Users/tao.wang1thoughtworks.com/.m2/repository/org/springframework/boot/spring-boot-starter-amqp/2.2.2.RELEASE/spring-boot-starter-amqp-2.2.2.RELEASE.jar:/Users/tao.wang1thoughtworks.com/.m2/repository/org/springframework/spring-messaging/5.2.2.RELEASE/spring-messaging-5.2.2.RELEASE.jar:/Users/tao.wang1thoughtworks.com/.m2/repository/org/springframework/amqp/spring-rabbit/2.2.2.RELEASE/spring-rabbit-2.2.2.RELEASE.jar:/Users/tao.wang1thoughtworks.com/.m2/repository/com/rabbitmq/amqp-client/5.7.3/amqp-client-5.7.3.jar:/Users/tao.wang1thoughtworks.com/.m2/repository/org/springframework/amqp/spring-amqp/2.2.2.RELEASE/spring-amqp-2.2.2.RELEASE.jar:/Users/tao.wang1thoughtworks.com/.m2/repository/org/springframework/retry/spring-retry/1.2.4.RELEASE/spring-retry-1.2.4.RELEASE.jar:/Users/tao.wang1thoughtworks.com/.m2/repository/org/apache/maven/plugins/maven-compiler-plugin/3.8.1/maven-compiler-plugin-3.8.1.jar:/Users/tao.wang1thoughtworks.com/.m2/repository/org/apache/maven/maven-plugin-api/3.0/maven-plugin-api-3.0.jar:/Users/tao.wang1thoughtworks.com/.m2/repository/org/apache/maven/maven-model/3.0/maven-model-3.0.jar:/Users/tao.wang1thoughtworks.com/.m2/repository/org/sonatype/sisu/sisu-inject-plexus/1.4.2/sisu-inject-plexus-1.4.2.jar:/Users/tao.wang1thoughtworks.com/.m2/repository/org/sonatype/sisu/sisu-inject-bean/1.4.2/sisu-inject-bean-1.4.2.jar:/Users/tao.wang1thoughtworks.com/.m2/repository/org/sonatype/sisu/sisu-guice/2.1.7/sisu-guice-2.1.7-noaop.jar:/Users/tao.wang1thoughtworks.com/.m2/repository/org/apache/maven/maven-artifact/3.0/maven-artifact-3.0.jar:/Users/tao.wang1thoughtworks.com/.m2/repository/org/codehaus/plexus/plexus-utils/2.0.4/plexus-utils-2.0.4.jar:/Users/tao.wang1thoughtworks.com/.m2/repository/org/apache/maven/maven-core/3.0/maven-core-3.0.jar:/Users/tao.wang1thoughtworks.com/.m2/repository/org/apache/maven/maven-settings/3.0/maven-settings-3.0.jar:/Users/tao.wang1thoughtworks.com/.m2/repository/org/apache/maven/maven-settings-builder/3.0/maven-settings-builder-3.0.jar:/Users/tao.wang1thoughtworks.com/.m2/repository/org/apache/maven/maven-repository-metadata/3.0/maven-repository-metadata-3.0.jar:/Users/tao.wang1thoughtworks.com/.m2/repository/org/apache/maven/maven-model-builder/3.0/maven-model-builder-3.0.jar:/Users/tao.wang1thoughtworks.com/.m2/repository/org/apache/maven/maven-aether-provider/3.0/maven-aether-provider-3.0.jar:/Users/tao.wang1thoughtworks.com/.m2/repository/org/sonatype/aether/aether-impl/1.7/aether-impl-1.7.jar:/Users/tao.wang1thoughtworks.com/.m2/repository/org/sonatype/aether/aether-spi/1.7/aether-spi-1.7.jar:/Users/tao.wang1thoughtworks.com/.m2/repository/org/sonatype/aether/aether-api/1.7/aether-api-1.7.jar:/Users/tao.wang1thoughtworks.com/.m2/repository/org/sonatype/aether/aether-util/1.7/aether-util-1.7.jar:/Users/tao.wang1thoughtworks.com/.m2/repository/org/codehaus/plexus/plexus-interpolation/1.14/plexus-interpolation-1.14.jar:/Users/tao.wang1thoughtworks.com/.m2/repository/org/codehaus/plexus/plexus-classworlds/2.2.3/plexus-classworlds-2.2.3.jar:/Users/tao.wang1thoughtworks.com/.m2/repository/org/codehaus/plexus/plexus-component-annotations/1.5.5/plexus-component-annotations-1.5.5.jar:/Users/tao.wang1thoughtworks.com/.m2/repository/org/sonatype/plexus/plexus-sec-dispatcher/1.3/plexus-sec-dispatcher-1.3.jar:/Users/tao.wang1thoughtworks.com/.m2/repository/org/sonatype/plexus/plexus-cipher/1.4/plexus-cipher-1.4.jar:/Users/tao.wang1thoughtworks.com/.m2/repository/org/apache/maven/shared/maven-shared-utils/3.2.1/maven-shared-utils-3.2.1.jar:/Users/tao.wang1thoughtworks.com/.m2/repository/commons-io/commons-io/2.5/commons-io-2.5.jar:/Users/tao.wang1thoughtworks.com/.m2/repository/org/apache/maven/shared/maven-shared-incremental/1.1/maven-shared-incremental-1.1.jar:/Users/tao.wang1thoughtworks.com/.m2/repository/org/codehaus/plexus/plexus-java/0.9.10/plexus-java-0.9.10.jar:/Users/tao.wang1thoughtworks.com/.m2/repository/org/ow2/asm/asm/6.2/asm-6.2.jar:/Users/tao.wang1thoughtworks.com/.m2/repository/com/thoughtworks/qdox/qdox/2.0-M8/qdox-2.0-M8.jar:/Users/tao.wang1thoughtworks.com/.m2/repository/org/codehaus/plexus/plexus-compiler-api/2.8.4/plexus-compiler-api-2.8.4.jar:/Users/tao.wang1thoughtworks.com/.m2/repository/org/codehaus/plexus/plexus-compiler-manager/2.8.4/plexus-compiler-manager-2.8.4.jar:/Users/tao.wang1thoughtworks.com/.m2/repository/org/codehaus/plexus/plexus-compiler-javac/2.8.4/plexus-compiler-javac-2.8.4.jar:"/>
    <property name="java.vm.vendor" value="Oracle Corporation"/>
    <property name="sun.arch.data.model" value="64"/>
    <property name="java.vendor.url" value="https://java.oracle.com/"/>
    <property name="os.name" value="Mac OS X"/>
    <property name="java.vm.specification.version" value="14"/>
    <property name="sun.java.launcher" value="SUN_STANDARD"/>
    <property name="user.country" value="CN"/>
    <property name="sun.boot.library.path" value="/Library/Java/JavaVirtualMachines/jdk-14.0.1.jdk/Contents/Home/lib"/>
    <property name="sun.java.command" value="/Users/tao.wang1thoughtworks.com/JavaWorks/Java-MiaoShaSystem/target/surefire/surefirebooter8419641400802250575.jar /Users/tao.wang1thoughtworks.com/JavaWorks/Java-MiaoShaSystem/target/surefire 2020-07-31T14-08-00_475-jvmRun1 surefire6145841557766488666tmp surefire_05660454777166542622tmp"/>
    <property name="http.nonProxyHosts" value="local|*.local|169.254/16|*.169.254/16"/>
    <property name="jdk.debug" value="release"/>
    <property name="surefire.test.class.path" value="/Users/tao.wang1thoughtworks.com/JavaWorks/Java-MiaoShaSystem/target/test-classes:/Users/tao.wang1thoughtworks.com/JavaWorks/Java-MiaoShaSystem/target/classes:/Users/tao.wang1thoughtworks.com/.m2/repository/org/springframework/boot/spring-boot-starter-web/2.2.2.RELEASE/spring-boot-starter-web-2.2.2.RELEASE.jar:/Users/tao.wang1thoughtworks.com/.m2/repository/org/springframework/boot/spring-boot-starter/2.2.2.RELEASE/spring-boot-starter-2.2.2.RELEASE.jar:/Users/tao.wang1thoughtworks.com/.m2/repository/jakarta/annotation/jakarta.annotation-api/1.3.5/jakarta.annotation-api-1.3.5.jar:/Users/tao.wang1thoughtworks.com/.m2/repository/org/yaml/snakeyaml/1.25/snakeyaml-1.25.jar:/Users/tao.wang1thoughtworks.com/.m2/repository/org/springframework/boot/spring-boot-starter-json/2.2.2.RELEASE/spring-boot-starter-json-2.2.2.RELEASE.jar:/Users/tao.wang1thoughtworks.com/.m2/repository/com/fasterxml/jackson/core/jackson-databind/2.10.1/jackson-databind-2.10.1.jar:/Users/tao.wang1thoughtworks.com/.m2/repository/com/fasterxml/jackson/core/jackson-annotations/2.10.1/jackson-annotations-2.10.1.jar:/Users/tao.wang1thoughtworks.com/.m2/repository/com/fasterxml/jackson/core/jackson-core/2.10.1/jackson-core-2.10.1.jar:/Users/tao.wang1thoughtworks.com/.m2/repository/com/fasterxml/jackson/datatype/jackson-datatype-jdk8/2.10.1/jackson-datatype-jdk8-2.10.1.jar:/Users/tao.wang1thoughtworks.com/.m2/repository/com/fasterxml/jackson/datatype/jackson-datatype-jsr310/2.10.1/jackson-datatype-jsr310-2.10.1.jar:/Users/tao.wang1thoughtworks.com/.m2/repository/com/fasterxml/jackson/module/jackson-module-parameter-names/2.10.1/jackson-module-parameter-names-2.10.1.jar:/Users/tao.wang1thoughtworks.com/.m2/repository/org/springframework/boot/spring-boot-starter-tomcat/2.2.2.RELEASE/spring-boot-starter-tomcat-2.2.2.RELEASE.jar:/Users/tao.wang1thoughtworks.com/.m2/repository/org/apache/tomcat/embed/tomcat-embed-core/9.0.29/tomcat-embed-core-9.0.29.jar:/Users/tao.wang1thoughtworks.com/.m2/repository/org/apache/tomcat/embed/tomcat-embed-websocket/9.0.29/tomcat-embed-websocket-9.0.29.jar:/Users/tao.wang1thoughtworks.com/.m2/repository/org/springframework/spring-web/5.2.2.RELEASE/spring-web-5.2.2.RELEASE.jar:/Users/tao.wang1thoughtworks.com/.m2/repository/org/springframework/spring-beans/5.2.2.RELEASE/spring-beans-5.2.2.RELEASE.jar:/Users/tao.wang1thoughtworks.com/.m2/repository/org/springframework/spring-webmvc/5.2.2.RELEASE/spring-webmvc-5.2.2.RELEASE.jar:/Users/tao.wang1thoughtworks.com/.m2/repository/org/springframework/spring-aop/5.2.2.RELEASE/spring-aop-5.2.2.RELEASE.jar:/Users/tao.wang1thoughtworks.com/.m2/repository/org/springframework/spring-context/5.2.2.RELEASE/spring-context-5.2.2.RELEASE.jar:/Users/tao.wang1thoughtworks.com/.m2/repository/org/springframework/spring-expression/5.2.2.RELEASE/spring-expression-5.2.2.RELEASE.jar:/Users/tao.wang1thoughtworks.com/.m2/repository/org/springframework/boot/spring-boot-starter-jdbc/2.2.2.RELEASE/spring-boot-starter-jdbc-2.2.2.RELEASE.jar:/Users/tao.wang1thoughtworks.com/.m2/repository/com/zaxxer/HikariCP/3.4.1/HikariCP-3.4.1.jar:/Users/tao.wang1thoughtworks.com/.m2/repository/org/springframework/spring-jdbc/5.2.2.RELEASE/spring-jdbc-5.2.2.RELEASE.jar:/Users/tao.wang1thoughtworks.com/.m2/repository/org/springframework/spring-tx/5.2.2.RELEASE/spring-tx-5.2.2.RELEASE.jar:/Users/tao.wang1thoughtworks.com/.m2/repository/org/mybatis/spring/boot/mybatis-spring-boot-starter/2.1.2/mybatis-spring-boot-starter-2.1.2.jar:/Users/tao.wang1thoughtworks.com/.m2/repository/org/mybatis/spring/boot/mybatis-spring-boot-autoconfigure/2.1.2/mybatis-spring-boot-autoconfigure-2.1.2.jar:/Users/tao.wang1thoughtworks.com/.m2/repository/org/mybatis/mybatis/3.5.4/mybatis-3.5.4.jar:/Users/tao.wang1thoughtworks.com/.m2/repository/org/mybatis/mybatis-spring/2.0.4/mybatis-spring-2.0.4.jar:/Users/tao.wang1thoughtworks.com/.m2/repository/mysql/mysql-connector-java/8.0.18/mysql-connector-java-8.0.18.jar:/Users/tao.wang1thoughtworks.com/.m2/repository/org/projectlombok/lombok/1.18.12/lombok-1.18.12.jar:/Users/tao.wang1thoughtworks.com/.m2/repository/org/springframework/boot/spring-boot-starter-logging/2.2.2.RELEASE/spring-boot-starter-logging-2.2.2.RELEASE.jar:/Users/tao.wang1thoughtworks.com/.m2/repository/ch/qos/logback/logback-classic/1.2.3/logback-classic-1.2.3.jar:/Users/tao.wang1thoughtworks.com/.m2/repository/ch/qos/logback/logback-core/1.2.3/logback-core-1.2.3.jar:/Users/tao.wang1thoughtworks.com/.m2/repository/org/apache/logging/log4j/log4j-to-slf4j/2.12.1/log4j-to-slf4j-2.12.1.jar:/Users/tao.wang1thoughtworks.com/.m2/repository/org/apache/logging/log4j/log4j-api/2.12.1/log4j-api-2.12.1.jar:/Users/tao.wang1thoughtworks.com/.m2/repository/org/slf4j/jul-to-slf4j/1.7.29/jul-to-slf4j-1.7.29.jar:/Users/tao.wang1thoughtworks.com/.m2/repository/tk/mybatis/mapper/4.1.5/mapper-4.1.5.jar:/Users/tao.wang1thoughtworks.com/.m2/repository/javax/persistence/persistence-api/1.0/persistence-api-1.0.jar:/Users/tao.wang1thoughtworks.com/.m2/repository/tk/mybatis/mapper-spring-boot-starter/2.1.5/mapper-spring-boot-starter-2.1.5.jar:/Users/tao.wang1thoughtworks.com/.m2/repository/tk/mybatis/mapper-core/1.1.5/mapper-core-1.1.5.jar:/Users/tao.wang1thoughtworks.com/.m2/repository/tk/mybatis/mapper-base/1.1.5/mapper-base-1.1.5.jar:/Users/tao.wang1thoughtworks.com/.m2/repository/tk/mybatis/mapper-weekend/1.1.5/mapper-weekend-1.1.5.jar:/Users/tao.wang1thoughtworks.com/.m2/repository/tk/mybatis/mapper-spring/1.1.5/mapper-spring-1.1.5.jar:/Users/tao.wang1thoughtworks.com/.m2/repository/tk/mybatis/mapper-extra/1.1.5/mapper-extra-1.1.5.jar:/Users/tao.wang1thoughtworks.com/.m2/repository/tk/mybatis/mapper-spring-boot-autoconfigure/2.1.5/mapper-spring-boot-autoconfigure-2.1.5.jar:/Users/tao.wang1thoughtworks.com/.m2/repository/com/alibaba/druid/1.1.20/druid-1.1.20.jar:/Users/tao.wang1thoughtworks.com/.m2/repository/redis/clients/jedis/3.1.0/jedis-3.1.0.jar:/Users/tao.wang1thoughtworks.com/.m2/repository/org/slf4j/slf4j-api/1.7.29/slf4j-api-1.7.29.jar:/Users/tao.wang1thoughtworks.com/.m2/repository/org/apache/commons/commons-pool2/2.7.0/commons-pool2-2.7.0.jar:/Users/tao.wang1thoughtworks.com/.m2/repository/com/alibaba/fastjson/1.2.68/fastjson-1.2.68.jar:/Users/tao.wang1thoughtworks.com/.m2/repository/org/springframework/boot/spring-boot-starter-validation/2.2.2.RELEASE/spring-boot-starter-validation-2.2.2.RELEASE.jar:/Users/tao.wang1thoughtworks.com/.m2/repository/jakarta/validation/jakarta.validation-api/2.0.1/jakarta.validation-api-2.0.1.jar:/Users/tao.wang1thoughtworks.com/.m2/repository/org/apache/tomcat/embed/tomcat-embed-el/9.0.29/tomcat-embed-el-9.0.29.jar:/Users/tao.wang1thoughtworks.com/.m2/repository/org/hibernate/validator/hibernate-validator/6.0.18.Final/hibernate-validator-6.0.18.Final.jar:/Users/tao.wang1thoughtworks.com/.m2/repository/org/jboss/logging/jboss-logging/3.4.1.Final/jboss-logging-3.4.1.Final.jar:/Users/tao.wang1thoughtworks.com/.m2/repository/com/fasterxml/classmate/1.5.1/classmate-1.5.1.jar:/Users/tao.wang1thoughtworks.com/.m2/repository/commons-codec/commons-codec/1.13/commons-codec-1.13.jar:/Users/tao.wang1thoughtworks.com/.m2/repository/org/apache/commons/commons-lang3/3.9/commons-lang3-3.9.jar:/Users/tao.wang1thoughtworks.com/.m2/repository/org/jsoup/jsoup/1.10.3/jsoup-1.10.3.jar:/Users/tao.wang1thoughtworks.com/.m2/repository/org/springframework/boot/spring-boot-autoconfigure/2.2.2.RELEASE/spring-boot-autoconfigure-2.2.2.RELEASE.jar:/Users/tao.wang1thoughtworks.com/.m2/repository/org/springframework/boot/spring-boot/2.2.2.RELEASE/spring-boot-2.2.2.RELEASE.jar:/Users/tao.wang1thoughtworks.com/.m2/repository/org/springframework/boot/spring-boot-starter-test/2.2.2.RELEASE/spring-boot-starter-test-2.2.2.RELEASE.jar:/Users/tao.wang1thoughtworks.com/.m2/repository/org/springframework/boot/spring-boot-test/2.2.2.RELEASE/spring-boot-test-2.2.2.RELEASE.jar:/Users/tao.wang1thoughtworks.com/.m2/repository/org/springframework/boot/spring-boot-test-autoconfigure/2.2.2.RELEASE/spring-boot-test-autoconfigure-2.2.2.RELEASE.jar:/Users/tao.wang1thoughtworks.com/.m2/repository/com/jayway/jsonpath/json-path/2.4.0/json-path-2.4.0.jar:/Users/tao.wang1thoughtworks.com/.m2/repository/net/minidev/json-smart/2.3/json-smart-2.3.jar:/Users/tao.wang1thoughtworks.com/.m2/repository/net/minidev/accessors-smart/1.2/accessors-smart-1.2.jar:/Users/tao.wang1thoughtworks.com/.m2/repository/jakarta/xml/bind/jakarta.xml.bind-api/2.3.2/jakarta.xml.bind-api-2.3.2.jar:/Users/tao.wang1thoughtworks.com/.m2/repository/jakarta/activation/jakarta.activation-api/1.2.1/jakarta.activation-api-1.2.1.jar:/Users/tao.wang1thoughtworks.com/.m2/repository/org/junit/jupiter/junit-jupiter/5.5.2/junit-jupiter-5.5.2.jar:/Users/tao.wang1thoughtworks.com/.m2/repository/org/junit/jupiter/junit-jupiter-api/5.5.2/junit-jupiter-api-5.5.2.jar:/Users/tao.wang1thoughtworks.com/.m2/repository/org/opentest4j/opentest4j/1.2.0/opentest4j-1.2.0.jar:/Users/tao.wang1thoughtworks.com/.m2/repository/org/junit/platform/junit-platform-commons/1.5.2/junit-platform-commons-1.5.2.jar:/Users/tao.wang1thoughtworks.com/.m2/repository/org/junit/jupiter/junit-jupiter-params/5.5.2/junit-jupiter-params-5.5.2.jar:/Users/tao.wang1thoughtworks.com/.m2/repository/org/junit/jupiter/junit-jupiter-engine/5.5.2/junit-jupiter-engine-5.5.2.jar:/Users/tao.wang1thoughtworks.com/.m2/repository/org/junit/vintage/junit-vintage-engine/5.5.2/junit-vintage-engine-5.5.2.jar:/Users/tao.wang1thoughtworks.com/.m2/repository/org/apiguardian/apiguardian-api/1.1.0/apiguardian-api-1.1.0.jar:/Users/tao.wang1thoughtworks.com/.m2/repository/org/junit/platform/junit-platform-engine/1.5.2/junit-platform-engine-1.5.2.jar:/Users/tao.wang1thoughtworks.com/.m2/repository/junit/junit/4.12/junit-4.12.jar:/Users/tao.wang1thoughtworks.com/.m2/repository/org/mockito/mockito-junit-jupiter/3.1.0/mockito-junit-jupiter-3.1.0.jar:/Users/tao.wang1thoughtworks.com/.m2/repository/org/assertj/assertj-core/3.13.2/assertj-core-3.13.2.jar:/Users/tao.wang1thoughtworks.com/.m2/repository/org/hamcrest/hamcrest/2.1/hamcrest-2.1.jar:/Users/tao.wang1thoughtworks.com/.m2/repository/org/mockito/mockito-core/3.1.0/mockito-core-3.1.0.jar:/Users/tao.wang1thoughtworks.com/.m2/repository/net/bytebuddy/byte-buddy/1.10.4/byte-buddy-1.10.4.jar:/Users/tao.wang1thoughtworks.com/.m2/repository/net/bytebuddy/byte-buddy-agent/1.10.4/byte-buddy-agent-1.10.4.jar:/Users/tao.wang1thoughtworks.com/.m2/repository/org/objenesis/objenesis/2.6/objenesis-2.6.jar:/Users/tao.wang1thoughtworks.com/.m2/repository/org/skyscreamer/jsonassert/1.5.0/jsonassert-1.5.0.jar:/Users/tao.wang1thoughtworks.com/.m2/repository/com/vaadin/external/google/android-json/0.0.20131108.vaadin1/android-json-0.0.20131108.vaadin1.jar:/Users/tao.wang1thoughtworks.com/.m2/repository/org/springframework/spring-core/5.2.2.RELEASE/spring-core-5.2.2.RELEASE.jar:/Users/tao.wang1thoughtworks.com/.m2/repository/org/springframework/spring-jcl/5.2.2.RELEASE/spring-jcl-5.2.2.RELEASE.jar:/Users/tao.wang1thoughtworks.com/.m2/repository/org/springframework/spring-test/5.2.2.RELEASE/spring-test-5.2.2.RELEASE.jar:/Users/tao.wang1thoughtworks.com/.m2/repository/org/xmlunit/xmlunit-core/2.6.3/xmlunit-core-2.6.3.jar:/Users/tao.wang1thoughtworks.com/.m2/repository/org/springframework/boot/spring-boot-devtools/2.2.2.RELEASE/spring-boot-devtools-2.2.2.RELEASE.jar:/Users/tao.wang1thoughtworks.com/.m2/repository/org/springframework/boot/spring-boot-starter-amqp/2.2.2.RELEASE/spring-boot-starter-amqp-2.2.2.RELEASE.jar:/Users/tao.wang1thoughtworks.com/.m2/repository/org/springframework/spring-messaging/5.2.2.RELEASE/spring-messaging-5.2.2.RELEASE.jar:/Users/tao.wang1thoughtworks.com/.m2/repository/org/springframework/amqp/spring-rabbit/2.2.2.RELEASE/spring-rabbit-2.2.2.RELEASE.jar:/Users/tao.wang1thoughtworks.com/.m2/repository/com/rabbitmq/amqp-client/5.7.3/amqp-client-5.7.3.jar:/Users/tao.wang1thoughtworks.com/.m2/repository/org/springframework/amqp/spring-amqp/2.2.2.RELEASE/spring-amqp-2.2.2.RELEASE.jar:/Users/tao.wang1thoughtworks.com/.m2/repository/org/springframework/retry/spring-retry/1.2.4.RELEASE/spring-retry-1.2.4.RELEASE.jar:/Users/tao.wang1thoughtworks.com/.m2/repository/org/apache/maven/plugins/maven-compiler-plugin/3.8.1/maven-compiler-plugin-3.8.1.jar:/Users/tao.wang1thoughtworks.com/.m2/repository/org/apache/maven/maven-plugin-api/3.0/maven-plugin-api-3.0.jar:/Users/tao.wang1thoughtworks.com/.m2/repository/org/apache/maven/maven-model/3.0/maven-model-3.0.jar:/Users/tao.wang1thoughtworks.com/.m2/repository/org/sonatype/sisu/sisu-inject-plexus/1.4.2/sisu-inject-plexus-1.4.2.jar:/Users/tao.wang1thoughtworks.com/.m2/repository/org/sonatype/sisu/sisu-inject-bean/1.4.2/sisu-inject-bean-1.4.2.jar:/Users/tao.wang1thoughtworks.com/.m2/repository/org/sonatype/sisu/sisu-guice/2.1.7/sisu-guice-2.1.7-noaop.jar:/Users/tao.wang1thoughtworks.com/.m2/repository/org/apache/maven/maven-artifact/3.0/maven-artifact-3.0.jar:/Users/tao.wang1thoughtworks.com/.m2/repository/org/codehaus/plexus/plexus-utils/2.0.4/plexus-utils-2.0.4.jar:/Users/tao.wang1thoughtworks.com/.m2/repository/org/apache/maven/maven-core/3.0/maven-core-3.0.jar:/Users/tao.wang1thoughtworks.com/.m2/repository/org/apache/maven/maven-settings/3.0/maven-settings-3.0.jar:/Users/tao.wang1thoughtworks.com/.m2/repository/org/apache/maven/maven-settings-builder/3.0/maven-settings-builder-3.0.jar:/Users/tao.wang1thoughtworks.com/.m2/repository/org/apache/maven/maven-repository-metadata/3.0/maven-repository-metadata-3.0.jar:/Users/tao.wang1thoughtworks.com/.m2/repository/org/apache/maven/maven-model-builder/3.0/maven-model-builder-3.0.jar:/Users/tao.wang1thoughtworks.com/.m2/repository/org/apache/maven/maven-aether-provider/3.0/maven-aether-provider-3.0.jar:/Users/tao.wang1thoughtworks.com/.m2/repository/org/sonatype/aether/aether-impl/1.7/aether-impl-1.7.jar:/Users/tao.wang1thoughtworks.com/.m2/repository/org/sonatype/aether/aether-spi/1.7/aether-spi-1.7.jar:/Users/tao.wang1thoughtworks.com/.m2/repository/org/sonatype/aether/aether-api/1.7/aether-api-1.7.jar:/Users/tao.wang1thoughtworks.com/.m2/repository/org/sonatype/aether/aether-util/1.7/aether-util-1.7.jar:/Users/tao.wang1thoughtworks.com/.m2/repository/org/codehaus/plexus/plexus-interpolation/1.14/plexus-interpolation-1.14.jar:/Users/tao.wang1thoughtworks.com/.m2/repository/org/codehaus/plexus/plexus-classworlds/2.2.3/plexus-classworlds-2.2.3.jar:/Users/tao.wang1thoughtworks.com/.m2/repository/org/codehaus/plexus/plexus-component-annotations/1.5.5/plexus-component-annotations-1.5.5.jar:/Users/tao.wang1thoughtworks.com/.m2/repository/org/sonatype/plexus/plexus-sec-dispatcher/1.3/plexus-sec-dispatcher-1.3.jar:/Users/tao.wang1thoughtworks.com/.m2/repository/org/sonatype/plexus/plexus-cipher/1.4/plexus-cipher-1.4.jar:/Users/tao.wang1thoughtworks.com/.m2/repository/org/apache/maven/shared/maven-shared-utils/3.2.1/maven-shared-utils-3.2.1.jar:/Users/tao.wang1thoughtworks.com/.m2/repository/commons-io/commons-io/2.5/commons-io-2.5.jar:/Users/tao.wang1thoughtworks.com/.m2/repository/org/apache/maven/shared/maven-shared-incremental/1.1/maven-shared-incremental-1.1.jar:/Users/tao.wang1thoughtworks.com/.m2/repository/org/codehaus/plexus/plexus-java/0.9.10/plexus-java-0.9.10.jar:/Users/tao.wang1thoughtworks.com/.m2/repository/org/ow2/asm/asm/6.2/asm-6.2.jar:/Users/tao.wang1thoughtworks.com/.m2/repository/com/thoughtworks/qdox/qdox/2.0-M8/qdox-2.0-M8.jar:/Users/tao.wang1thoughtworks.com/.m2/repository/org/codehaus/plexus/plexus-compiler-api/2.8.4/plexus-compiler-api-2.8.4.jar:/Users/tao.wang1thoughtworks.com/.m2/repository/org/codehaus/plexus/plexus-compiler-manager/2.8.4/plexus-compiler-manager-2.8.4.jar:/Users/tao.wang1thoughtworks.com/.m2/repository/org/codehaus/plexus/plexus-compiler-javac/2.8.4/plexus-compiler-javac-2.8.4.jar:"/>
    <property name="sun.cpu.endian" value="little"/>
    <property name="user.home" value="/Users/tao.wang1thoughtworks.com"/>
    <property name="user.language" value="zh"/>
    <property name="java.specification.vendor" value="Oracle Corporation"/>
    <property name="java.version.date" value="2020-04-14"/>
    <property name="java.home" value="/Library/Java/JavaVirtualMachines/jdk-14.0.1.jdk/Contents/Home"/>
    <property name="file.separator" value="/"/>
    <property name="basedir" value="/Users/tao.wang1thoughtworks.com/JavaWorks/Java-MiaoShaSystem"/>
    <property name="java.vm.compressedOopsMode" value="Zero based"/>
    <property name="line.separator" value="&#10;"/>
    <property name="java.specification.name" value="Java Platform API Specification"/>
    <property name="java.vm.specification.vendor" value="Oracle Corporation"/>
    <property name="surefire.real.class.path" value="/Users/tao.wang1thoughtworks.com/JavaWorks/Java-MiaoShaSystem/target/surefire/surefirebooter8419641400802250575.jar"/>
    <property name="idea.version2020.1.4" value="true"/>
    <property name="user.script" value="Hans"/>
    <property name="sun.management.compiler" value="HotSpot 64-Bit Tiered Compilers"/>
    <property name="ftp.nonProxyHosts" value="local|*.local|169.254/16|*.169.254/16"/>
    <property name="java.runtime.version" value="14.0.1+7"/>
    <property name="user.name" value="tao.wang1thoughtworks.com"/>
    <property name="path.separator" value=":"/>
    <property name="os.version" value="10.15.5"/>
    <property name="java.runtime.name" value="Java(TM) SE Runtime Environment"/>
    <property name="file.encoding" value="UTF-8"/>
    <property name="java.vm.name" value="Java HotSpot(TM) 64-Bit Server VM"/>
    <property name="localRepository" value="/Users/tao.wang1thoughtworks.com/.m2/repository"/>
    <property name="java.vendor.url.bug" value="https://bugreport.java.com/bugreport/"/>
    <property name="java.io.tmpdir" value="/var/folders/j2/ljwwxj9n7j36lw83hpv7hlzm0000gn/T/"/>
    <property name="java.version" value="14.0.1"/>
    <property name="user.dir" value="/Users/tao.wang1thoughtworks.com/JavaWorks/Java-MiaoShaSystem"/>
    <property name="os.arch" value="x86_64"/>
    <property name="java.vm.specification.name" value="Java Virtual Machine Specification"/>
    <property name="java.library.path" value="/Users/tao.wang1thoughtworks.com/Library/Java/Extensions:/Library/Java/Extensions:/Network/Library/Java/Extensions:/System/Library/Java/Extensions:/usr/lib/java:."/>
    <property name="java.vm.info" value="mixed mode, sharing"/>
    <property name="java.vendor" value="Oracle Corporation"/>
    <property name="java.vm.version" value="14.0.1+7"/>
    <property name="sun.io.unicode.encoding" value="UnicodeBig"/>
    <property name="socksNonProxyHosts" value="local|*.local|169.254/16|*.169.254/16"/>
    <property name="java.class.version" value="58.0"/>
  </properties>
  <testcase name="setTokens2Redis" classname="cn.wtyoha.maiosha.service.TestMiaoShaUserService" time="23.241"/>
</testsuite>