<?xml version="1.0" encoding="UTF-8"?>
<testsuite xmlns:xsi="http://www.w3.org/2001/XMLSchema-instance" xsi:noNamespaceSchemaLocation="https://maven.apache.org/surefire/maven-surefire-plugin/xsd/surefire-test-report.xsd" name="cn.wtyoha.maiosha.dao.TestOrderInfoDao" time="0.222" tests="1" errors="0" skipped="0" failures="0">
  <properties>
    <property name="sun.desktop" value="windows"/>
    <property name="awt.toolkit" value="sun.awt.windows.WToolkit"/>
    <property name="java.specification.version" value="11"/>
    <property name="sun.cpu.isalist" value="amd64"/>
    <property name="sun.jnu.encoding" value="GBK"/>
    <property name="java.class.path" value="D:\D\JavaWorks\Java-MiaoShaSystem-master - 1\target\test-classes;D:\D\JavaWorks\Java-MiaoShaSystem-master - 1\target\classes;D:\D\JavaWorks\maven_repositry\org\springframework\boot\spring-boot-starter-web\2.2.2.RELEASE\spring-boot-starter-web-2.2.2.RELEASE.jar;D:\D\JavaWorks\maven_repositry\org\springframework\boot\spring-boot-starter\2.2.2.RELEASE\spring-boot-starter-2.2.2.RELEASE.jar;D:\D\JavaWorks\maven_repositry\jakarta\annotation\jakarta.annotation-api\1.3.5\jakarta.annotation-api-1.3.5.jar;D:\D\JavaWorks\maven_repositry\org\yaml\snakeyaml\1.25\snakeyaml-1.25.jar;D:\D\JavaWorks\maven_repositry\org\springframework\boot\spring-boot-starter-json\2.2.2.RELEASE\spring-boot-starter-json-2.2.2.RELEASE.jar;D:\D\JavaWorks\maven_repositry\com\fasterxml\jackson\core\jackson-databind\2.10.1\jackson-databind-2.10.1.jar;D:\D\JavaWorks\maven_repositry\com\fasterxml\jackson\core\jackson-annotations\2.10.1\jackson-annotations-2.10.1.jar;D:\D\JavaWorks\maven_repositry\com\fasterxml\jackson\core\jackson-core\2.10.1\jackson-core-2.10.1.jar;D:\D\JavaWorks\maven_repositry\com\fasterxml\jackson\datatype\jackson-datatype-jdk8\2.10.1\jackson-datatype-jdk8-2.10.1.jar;D:\D\JavaWorks\maven_repositry\com\fasterxml\jackson\datatype\jackson-datatype-jsr310\2.10.1\jackson-datatype-jsr310-2.10.1.jar;D:\D\JavaWorks\maven_repositry\com\fasterxml\jackson\module\jackson-module-parameter-names\2.10.1\jackson-module-parameter-names-2.10.1.jar;D:\D\JavaWorks\maven_repositry\org\springframework\boot\spring-boot-starter-tomcat\2.2.2.RELEASE\spring-boot-starter-tomcat-2.2.2.RELEASE.jar;D:\D\JavaWorks\maven_repositry\org\apache\tomcat\embed\tomcat-embed-core\9.0.29\tomcat-embed-core-9.0.29.jar;D:\D\JavaWorks\maven_repositry\org\apache\tomcat\embed\tomcat-embed-websocket\9.0.29\tomcat-embed-websocket-9.0.29.jar;D:\D\JavaWorks\maven_repositry\org\springframework\spring-web\5.2.2.RELEASE\spring-web-5.2.2.RELEASE.jar;D:\D\JavaWorks\maven_repositry\org\springframework\spring-beans\5.2.2.RELEASE\spring-beans-5.2.2.RELEASE.jar;D:\D\JavaWorks\maven_repositry\org\springframework\spring-webmvc\5.2.2.RELEASE\spring-webmvc-5.2.2.RELEASE.jar;D:\D\JavaWorks\maven_repositry\org\springframework\spring-aop\5.2.2.RELEASE\spring-aop-5.2.2.RELEASE.jar;D:\D\JavaWorks\maven_repositry\org\springframework\spring-context\5.2.2.RELEASE\spring-context-5.2.2.RELEASE.jar;D:\D\JavaWorks\maven_repositry\org\springframework\spring-expression\5.2.2.RELEASE\spring-expression-5.2.2.RELEASE.jar;D:\D\JavaWorks\maven_repositry\org\springframework\boot\spring-boot-starter-jdbc\2.2.2.RELEASE\spring-boot-starter-jdbc-2.2.2.RELEASE.jar;D:\D\JavaWorks\maven_repositry\com\zaxxer\HikariCP\3.4.1\HikariCP-3.4.1.jar;D:\D\JavaWorks\maven_repositry\org\springframework\spring-jdbc\5.2.2.RELEASE\spring-jdbc-5.2.2.RELEASE.jar;D:\D\JavaWorks\maven_repositry\org\springframework\spring-tx\5.2.2.RELEASE\spring-tx-5.2.2.RELEASE.jar;D:\D\JavaWorks\maven_repositry\org\mybatis\spring\boot\mybatis-spring-boot-starter\2.1.2\mybatis-spring-boot-starter-2.1.2.jar;D:\D\JavaWorks\maven_repositry\org\mybatis\spring\boot\mybatis-spring-boot-autoconfigure\2.1.2\mybatis-spring-boot-autoconfigure-2.1.2.jar;D:\D\JavaWorks\maven_repositry\org\mybatis\mybatis\3.5.4\mybatis-3.5.4.jar;D:\D\JavaWorks\maven_repositry\org\mybatis\mybatis-spring\2.0.4\mybatis-spring-2.0.4.jar;D:\D\JavaWorks\maven_repositry\mysql\mysql-connector-java\8.0.18\mysql-connector-java-8.0.18.jar;D:\D\JavaWorks\maven_repositry\org\projectlombok\lombok\1.18.12\lombok-1.18.12.jar;D:\D\JavaWorks\maven_repositry\org\springframework\boot\spring-boot-starter-logging\2.2.2.RELEASE\spring-boot-starter-logging-2.2.2.RELEASE.jar;D:\D\JavaWorks\maven_repositry\ch\qos\logback\logback-classic\1.2.3\logback-classic-1.2.3.jar;D:\D\JavaWorks\maven_repositry\ch\qos\logback\logback-core\1.2.3\logback-core-1.2.3.jar;D:\D\JavaWorks\maven_repositry\org\apache\logging\log4j\log4j-to-slf4j\2.12.1\log4j-to-slf4j-2.12.1.jar;D:\D\JavaWorks\maven_repositry\org\apache\logging\log4j\log4j-api\2.12.1\log4j-api-2.12.1.jar;D:\D\JavaWorks\maven_repositry\org\slf4j\jul-to-slf4j\1.7.29\jul-to-slf4j-1.7.29.jar;D:\D\JavaWorks\maven_repositry\tk\mybatis\mapper\4.1.5\mapper-4.1.5.jar;D:\D\JavaWorks\maven_repositry\javax\persistence\persistence-api\1.0\persistence-api-1.0.jar;D:\D\JavaWorks\maven_repositry\tk\mybatis\mapper-spring-boot-starter\2.1.5\mapper-spring-boot-starter-2.1.5.jar;D:\D\JavaWorks\maven_repositry\tk\mybatis\mapper-core\1.1.5\mapper-core-1.1.5.jar;D:\D\JavaWorks\maven_repositry\tk\mybatis\mapper-base\1.1.5\mapper-base-1.1.5.jar;D:\D\JavaWorks\maven_repositry\tk\mybatis\mapper-weekend\1.1.5\mapper-weekend-1.1.5.jar;D:\D\JavaWorks\maven_repositry\tk\mybatis\mapper-spring\1.1.5\mapper-spring-1.1.5.jar;D:\D\JavaWorks\maven_repositry\tk\mybatis\mapper-extra\1.1.5\mapper-extra-1.1.5.jar;D:\D\JavaWorks\maven_repositry\tk\mybatis\mapper-spring-boot-autoconfigure\2.1.5\mapper-spring-boot-autoconfigure-2.1.5.jar;D:\D\JavaWorks\maven_repositry\com\alibaba\druid\1.1.20\druid-1.1.20.jar;D:\D\JavaWorks\maven_repositry\redis\clients\jedis\3.1.0\jedis-3.1.0.jar;D:\D\JavaWorks\maven_repositry\org\slf4j\slf4j-api\1.7.29\slf4j-api-1.7.29.jar;D:\D\JavaWorks\maven_repositry\org\apache\commons\commons-pool2\2.7.0\commons-pool2-2.7.0.jar;D:\D\JavaWorks\maven_repositry\com\alibaba\fastjson\1.2.68\fastjson-1.2.68.jar;D:\D\JavaWorks\maven_repositry\org\springframework\boot\spring-boot-starter-validation\2.2.2.RELEASE\spring-boot-starter-validation-2.2.2.RELEASE.jar;D:\D\JavaWorks\maven_repositry\jakarta\validation\jakarta.validation-api\2.0.1\jakarta.validation-api-2.0.1.jar;D:\D\JavaWorks\maven_repositry\org\apache\tomcat\embed\tomcat-embed-el\9.0.29\tomcat-embed-el-9.0.29.jar;D:\D\JavaWorks\maven_repositry\org\hibernate\validator\hibernate-validator\6.0.18.Final\hibernate-validator-6.0.18.Final.jar;D:\D\JavaWorks\maven_repositry\org\jboss\logging\jboss-logging\3.4.1.Final\jboss-logging-3.4.1.Final.jar;D:\D\JavaWorks\maven_repositry\com\fasterxml\classmate\1.5.1\classmate-1.5.1.jar;D:\D\JavaWorks\maven_repositry\commons-codec\commons-codec\1.13\commons-codec-1.13.jar;D:\D\JavaWorks\maven_repositry\org\apache\commons\commons-lang3\3.9\commons-lang3-3.9.jar;D:\D\JavaWorks\maven_repositry\org\jsoup\jsoup\1.10.3\jsoup-1.10.3.jar;D:\D\JavaWorks\maven_repositry\org\springframework\boot\spring-boot-autoconfigure\2.2.2.RELEASE\spring-boot-autoconfigure-2.2.2.RELEASE.jar;D:\D\JavaWorks\maven_repositry\org\springframework\boot\spring-boot\2.2.2.RELEASE\spring-boot-2.2.2.RELEASE.jar;D:\D\JavaWorks\maven_repositry\org\springframework\boot\spring-boot-starter-test\2.2.2.RELEASE\spring-boot-starter-test-2.2.2.RELEASE.jar;D:\D\JavaWorks\maven_repositry\org\springframework\boot\spring-boot-test\2.2.2.RELEASE\spring-boot-test-2.2.2.RELEASE.jar;D:\D\JavaWorks\maven_repositry\org\springframework\boot\spring-boot-test-autoconfigure\2.2.2.RELEASE\spring-boot-test-autoconfigure-2.2.2.RELEASE.jar;D:\D\JavaWorks\maven_repositry\com\jayway\jsonpath\json-path\2.4.0\json-path-2.4.0.jar;D:\D\JavaWorks\maven_repositry\net\minidev\json-smart\2.3\json-smart-2.3.jar;D:\D\JavaWorks\maven_repositry\net\minidev\accessors-smart\1.2\accessors-smart-1.2.jar;D:\D\JavaWorks\maven_repositry\org\ow2\asm\asm\5.0.4\asm-5.0.4.jar;D:\D\JavaWorks\maven_repositry\jakarta\xml\bind\jakarta.xml.bind-api\2.3.2\jakarta.xml.bind-api-2.3.2.jar;D:\D\JavaWorks\maven_repositry\jakarta\activation\jakarta.activation-api\1.2.1\jakarta.activation-api-1.2.1.jar;D:\D\JavaWorks\maven_repositry\org\junit\jupiter\junit-jupiter\5.5.2\junit-jupiter-5.5.2.jar;D:\D\JavaWorks\maven_repositry\org\junit\jupiter\junit-jupiter-api\5.5.2\junit-jupiter-api-5.5.2.jar;D:\D\JavaWorks\maven_repositry\org\opentest4j\opentest4j\1.2.0\opentest4j-1.2.0.jar;D:\D\JavaWorks\maven_repositry\org\junit\platform\junit-platform-commons\1.5.2\junit-platform-commons-1.5.2.jar;D:\D\JavaWorks\maven_repositry\org\junit\jupiter\junit-jupiter-params\5.5.2\junit-jupiter-params-5.5.2.jar;D:\D\JavaWorks\maven_repositry\org\junit\jupiter\junit-jupiter-engine\5.5.2\junit-jupiter-engine-5.5.2.jar;D:\D\JavaWorks\maven_repositry\org\junit\vintage\junit-vintage-engine\5.5.2\junit-vintage-engine-5.5.2.jar;D:\D\JavaWorks\maven_repositry\org\apiguardian\apiguardian-api\1.1.0\apiguardian-api-1.1.0.jar;D:\D\JavaWorks\maven_repositry\org\junit\platform\junit-platform-engine\1.5.2\junit-platform-engine-1.5.2.jar;D:\D\JavaWorks\maven_repositry\junit\junit\4.12\junit-4.12.jar;D:\D\JavaWorks\maven_repositry\org\mockito\mockito-junit-jupiter\3.1.0\mockito-junit-jupiter-3.1.0.jar;D:\D\JavaWorks\maven_repositry\org\assertj\assertj-core\3.13.2\assertj-core-3.13.2.jar;D:\D\JavaWorks\maven_repositry\org\hamcrest\hamcrest\2.1\hamcrest-2.1.jar;D:\D\JavaWorks\maven_repositry\org\mockito\mockito-core\3.1.0\mockito-core-3.1.0.jar;D:\D\JavaWorks\maven_repositry\net\bytebuddy\byte-buddy\1.10.4\byte-buddy-1.10.4.jar;D:\D\JavaWorks\maven_repositry\net\bytebuddy\byte-buddy-agent\1.10.4\byte-buddy-agent-1.10.4.jar;D:\D\JavaWorks\maven_repositry\org\objenesis\objenesis\2.6\objenesis-2.6.jar;D:\D\JavaWorks\maven_repositry\org\skyscreamer\jsonassert\1.5.0\jsonassert-1.5.0.jar;D:\D\JavaWorks\maven_repositry\com\vaadin\external\google\android-json\0.0.20131108.vaadin1\android-json-0.0.20131108.vaadin1.jar;D:\D\JavaWorks\maven_repositry\org\springframework\spring-core\5.2.2.RELEASE\spring-core-5.2.2.RELEASE.jar;D:\D\JavaWorks\maven_repositry\org\springframework\spring-jcl\5.2.2.RELEASE\spring-jcl-5.2.2.RELEASE.jar;D:\D\JavaWorks\maven_repositry\org\springframework\spring-test\5.2.2.RELEASE\spring-test-5.2.2.RELEASE.jar;D:\D\JavaWorks\maven_repositry\org\xmlunit\xmlunit-core\2.6.3\xmlunit-core-2.6.3.jar;D:\D\JavaWorks\maven_repositry\org\springframework\boot\spring-boot-devtools\2.2.2.RELEASE\spring-boot-devtools-2.2.2.RELEASE.jar;D:\D\JavaWorks\maven_repositry\org\springframework\boot\spring-boot-starter-amqp\2.2.2.RELEASE\spring-boot-starter-amqp-2.2.2.RELEASE.jar;D:\D\JavaWorks\maven_repositry\org\springframework\spring-messaging\5.2.2.RELEASE\spring-messaging-5.2.2.RELEASE.jar;D:\D\JavaWorks\maven_repositry\org\springframework\amqp\spring-rabbit\2.2.2.RELEASE\spring-rabbit-2.2.2.RELEASE.jar;D:\D\JavaWorks\maven_repositry\com\rabbitmq\amqp-client\5.7.3\amqp-client-5.7.3.jar;D:\D\JavaWorks\maven_repositry\org\springframework\amqp\spring-amqp\2.2.2.RELEASE\spring-amqp-2.2.2.RELEASE.jar;D:\D\JavaWorks\maven_repositry\org\springframework\retry\spring-retry\1.2.4.RELEASE\spring-retry-1.2.4.RELEASE.jar;"/>
    <property name="java.vm.vendor" value="Oracle Corporation"/>
    <property name="sun.arch.data.model" value="64"/>
    <property name="user.variant" value=""/>
    <property name="java.vendor.url" value="http://java.oracle.com/"/>
    <property name="user.timezone" value="Asia/Shanghai"/>
    <property name="java.vm.specification.version" value="11"/>
    <property name="os.name" value="Windows 10"/>
    <property name="sun.java.launcher" value="SUN_STANDARD"/>
    <property name="user.country" value="CN"/>
    <property name="sun.boot.library.path" value="D:\D\Java11\bin"/>
    <property name="sun.java.command" value="C:\Users\lenovo\AppData\Local\Temp\surefire6792292898118473008\surefirebooter3173092724684533916.jar C:\Users\lenovo\AppData\Local\Temp\surefire6792292898118473008 2020-07-16T22-08-33_632-jvmRun1 surefire8078618772281892151tmp surefire_011933254196161061693tmp"/>
    <property name="jdk.debug" value="release"/>
    <property name="surefire.test.class.path" value="D:\D\JavaWorks\Java-MiaoShaSystem-master - 1\target\test-classes;D:\D\JavaWorks\Java-MiaoShaSystem-master - 1\target\classes;D:\D\JavaWorks\maven_repositry\org\springframework\boot\spring-boot-starter-web\2.2.2.RELEASE\spring-boot-starter-web-2.2.2.RELEASE.jar;D:\D\JavaWorks\maven_repositry\org\springframework\boot\spring-boot-starter\2.2.2.RELEASE\spring-boot-starter-2.2.2.RELEASE.jar;D:\D\JavaWorks\maven_repositry\jakarta\annotation\jakarta.annotation-api\1.3.5\jakarta.annotation-api-1.3.5.jar;D:\D\JavaWorks\maven_repositry\org\yaml\snakeyaml\1.25\snakeyaml-1.25.jar;D:\D\JavaWorks\maven_repositry\org\springframework\boot\spring-boot-starter-json\2.2.2.RELEASE\spring-boot-starter-json-2.2.2.RELEASE.jar;D:\D\JavaWorks\maven_repositry\com\fasterxml\jackson\core\jackson-databind\2.10.1\jackson-databind-2.10.1.jar;D:\D\JavaWorks\maven_repositry\com\fasterxml\jackson\core\jackson-annotations\2.10.1\jackson-annotations-2.10.1.jar;D:\D\JavaWorks\maven_repositry\com\fasterxml\jackson\core\jackson-core\2.10.1\jackson-core-2.10.1.jar;D:\D\JavaWorks\maven_repositry\com\fasterxml\jackson\datatype\jackson-datatype-jdk8\2.10.1\jackson-datatype-jdk8-2.10.1.jar;D:\D\JavaWorks\maven_repositry\com\fasterxml\jackson\datatype\jackson-datatype-jsr310\2.10.1\jackson-datatype-jsr310-2.10.1.jar;D:\D\JavaWorks\maven_repositry\com\fasterxml\jackson\module\jackson-module-parameter-names\2.10.1\jackson-module-parameter-names-2.10.1.jar;D:\D\JavaWorks\maven_repositry\org\springframework\boot\spring-boot-starter-tomcat\2.2.2.RELEASE\spring-boot-starter-tomcat-2.2.2.RELEASE.jar;D:\D\JavaWorks\maven_repositry\org\apache\tomcat\embed\tomcat-embed-core\9.0.29\tomcat-embed-core-9.0.29.jar;D:\D\JavaWorks\maven_repositry\org\apache\tomcat\embed\tomcat-embed-websocket\9.0.29\tomcat-embed-websocket-9.0.29.jar;D:\D\JavaWorks\maven_repositry\org\springframework\spring-web\5.2.2.RELEASE\spring-web-5.2.2.RELEASE.jar;D:\D\JavaWorks\maven_repositry\org\springframework\spring-beans\5.2.2.RELEASE\spring-beans-5.2.2.RELEASE.jar;D:\D\JavaWorks\maven_repositry\org\springframework\spring-webmvc\5.2.2.RELEASE\spring-webmvc-5.2.2.RELEASE.jar;D:\D\JavaWorks\maven_repositry\org\springframework\spring-aop\5.2.2.RELEASE\spring-aop-5.2.2.RELEASE.jar;D:\D\JavaWorks\maven_repositry\org\springframework\spring-context\5.2.2.RELEASE\spring-context-5.2.2.RELEASE.jar;D:\D\JavaWorks\maven_repositry\org\springframework\spring-expression\5.2.2.RELEASE\spring-expression-5.2.2.RELEASE.jar;D:\D\JavaWorks\maven_repositry\org\springframework\boot\spring-boot-starter-jdbc\2.2.2.RELEASE\spring-boot-starter-jdbc-2.2.2.RELEASE.jar;D:\D\JavaWorks\maven_repositry\com\zaxxer\HikariCP\3.4.1\HikariCP-3.4.1.jar;D:\D\JavaWorks\maven_repositry\org\springframework\spring-jdbc\5.2.2.RELEASE\spring-jdbc-5.2.2.RELEASE.jar;D:\D\JavaWorks\maven_repositry\org\springframework\spring-tx\5.2.2.RELEASE\spring-tx-5.2.2.RELEASE.jar;D:\D\JavaWorks\maven_repositry\org\mybatis\spring\boot\mybatis-spring-boot-starter\2.1.2\mybatis-spring-boot-starter-2.1.2.jar;D:\D\JavaWorks\maven_repositry\org\mybatis\spring\boot\mybatis-spring-boot-autoconfigure\2.1.2\mybatis-spring-boot-autoconfigure-2.1.2.jar;D:\D\JavaWorks\maven_repositry\org\mybatis\mybatis\3.5.4\mybatis-3.5.4.jar;D:\D\JavaWorks\maven_repositry\org\mybatis\mybatis-spring\2.0.4\mybatis-spring-2.0.4.jar;D:\D\JavaWorks\maven_repositry\mysql\mysql-connector-java\8.0.18\mysql-connector-java-8.0.18.jar;D:\D\JavaWorks\maven_repositry\org\projectlombok\lombok\1.18.12\lombok-1.18.12.jar;D:\D\JavaWorks\maven_repositry\org\springframework\boot\spring-boot-starter-logging\2.2.2.RELEASE\spring-boot-starter-logging-2.2.2.RELEASE.jar;D:\D\JavaWorks\maven_repositry\ch\qos\logback\logback-classic\1.2.3\logback-classic-1.2.3.jar;D:\D\JavaWorks\maven_repositry\ch\qos\logback\logback-core\1.2.3\logback-core-1.2.3.jar;D:\D\JavaWorks\maven_repositry\org\apache\logging\log4j\log4j-to-slf4j\2.12.1\log4j-to-slf4j-2.12.1.jar;D:\D\JavaWorks\maven_repositry\org\apache\logging\log4j\log4j-api\2.12.1\log4j-api-2.12.1.jar;D:\D\JavaWorks\maven_repositry\org\slf4j\jul-to-slf4j\1.7.29\jul-to-slf4j-1.7.29.jar;D:\D\JavaWorks\maven_repositry\tk\mybatis\mapper\4.1.5\mapper-4.1.5.jar;D:\D\JavaWorks\maven_repositry\javax\persistence\persistence-api\1.0\persistence-api-1.0.jar;D:\D\JavaWorks\maven_repositry\tk\mybatis\mapper-spring-boot-starter\2.1.5\mapper-spring-boot-starter-2.1.5.jar;D:\D\JavaWorks\maven_repositry\tk\mybatis\mapper-core\1.1.5\mapper-core-1.1.5.jar;D:\D\JavaWorks\maven_repositry\tk\mybatis\mapper-base\1.1.5\mapper-base-1.1.5.jar;D:\D\JavaWorks\maven_repositry\tk\mybatis\mapper-weekend\1.1.5\mapper-weekend-1.1.5.jar;D:\D\JavaWorks\maven_repositry\tk\mybatis\mapper-spring\1.1.5\mapper-spring-1.1.5.jar;D:\D\JavaWorks\maven_repositry\tk\mybatis\mapper-extra\1.1.5\mapper-extra-1.1.5.jar;D:\D\JavaWorks\maven_repositry\tk\mybatis\mapper-spring-boot-autoconfigure\2.1.5\mapper-spring-boot-autoconfigure-2.1.5.jar;D:\D\JavaWorks\maven_repositry\com\alibaba\druid\1.1.20\druid-1.1.20.jar;D:\D\JavaWorks\maven_repositry\redis\clients\jedis\3.1.0\jedis-3.1.0.jar;D:\D\JavaWorks\maven_repositry\org\slf4j\slf4j-api\1.7.29\slf4j-api-1.7.29.jar;D:\D\JavaWorks\maven_repositry\org\apache\commons\commons-pool2\2.7.0\commons-pool2-2.7.0.jar;D:\D\JavaWorks\maven_repositry\com\alibaba\fastjson\1.2.68\fastjson-1.2.68.jar;D:\D\JavaWorks\maven_repositry\org\springframework\boot\spring-boot-starter-validation\2.2.2.RELEASE\spring-boot-starter-validation-2.2.2.RELEASE.jar;D:\D\JavaWorks\maven_repositry\jakarta\validation\jakarta.validation-api\2.0.1\jakarta.validation-api-2.0.1.jar;D:\D\JavaWorks\maven_repositry\org\apache\tomcat\embed\tomcat-embed-el\9.0.29\tomcat-embed-el-9.0.29.jar;D:\D\JavaWorks\maven_repositry\org\hibernate\validator\hibernate-validator\6.0.18.Final\hibernate-validator-6.0.18.Final.jar;D:\D\JavaWorks\maven_repositry\org\jboss\logging\jboss-logging\3.4.1.Final\jboss-logging-3.4.1.Final.jar;D:\D\JavaWorks\maven_repositry\com\fasterxml\classmate\1.5.1\classmate-1.5.1.jar;D:\D\JavaWorks\maven_repositry\commons-codec\commons-codec\1.13\commons-codec-1.13.jar;D:\D\JavaWorks\maven_repositry\org\apache\commons\commons-lang3\3.9\commons-lang3-3.9.jar;D:\D\JavaWorks\maven_repositry\org\jsoup\jsoup\1.10.3\jsoup-1.10.3.jar;D:\D\JavaWorks\maven_repositry\org\springframework\boot\spring-boot-autoconfigure\2.2.2.RELEASE\spring-boot-autoconfigure-2.2.2.RELEASE.jar;D:\D\JavaWorks\maven_repositry\org\springframework\boot\spring-boot\2.2.2.RELEASE\spring-boot-2.2.2.RELEASE.jar;D:\D\JavaWorks\maven_repositry\org\springframework\boot\spring-boot-starter-test\2.2.2.RELEASE\spring-boot-starter-test-2.2.2.RELEASE.jar;D:\D\JavaWorks\maven_repositry\org\springframework\boot\spring-boot-test\2.2.2.RELEASE\spring-boot-test-2.2.2.RELEASE.jar;D:\D\JavaWorks\maven_repositry\org\springframework\boot\spring-boot-test-autoconfigure\2.2.2.RELEASE\spring-boot-test-autoconfigure-2.2.2.RELEASE.jar;D:\D\JavaWorks\maven_repositry\com\jayway\jsonpath\json-path\2.4.0\json-path-2.4.0.jar;D:\D\JavaWorks\maven_repositry\net\minidev\json-smart\2.3\json-smart-2.3.jar;D:\D\JavaWorks\maven_repositry\net\minidev\accessors-smart\1.2\accessors-smart-1.2.jar;D:\D\JavaWorks\maven_repositry\org\ow2\asm\asm\5.0.4\asm-5.0.4.jar;D:\D\JavaWorks\maven_repositry\jakarta\xml\bind\jakarta.xml.bind-api\2.3.2\jakarta.xml.bind-api-2.3.2.jar;D:\D\JavaWorks\maven_repositry\jakarta\activation\jakarta.activation-api\1.2.1\jakarta.activation-api-1.2.1.jar;D:\D\JavaWorks\maven_repositry\org\junit\jupiter\junit-jupiter\5.5.2\junit-jupiter-5.5.2.jar;D:\D\JavaWorks\maven_repositry\org\junit\jupiter\junit-jupiter-api\5.5.2\junit-jupiter-api-5.5.2.jar;D:\D\JavaWorks\maven_repositry\org\opentest4j\opentest4j\1.2.0\opentest4j-1.2.0.jar;D:\D\JavaWorks\maven_repositry\org\junit\platform\junit-platform-commons\1.5.2\junit-platform-commons-1.5.2.jar;D:\D\JavaWorks\maven_repositry\org\junit\jupiter\junit-jupiter-params\5.5.2\junit-jupiter-params-5.5.2.jar;D:\D\JavaWorks\maven_repositry\org\junit\jupiter\junit-jupiter-engine\5.5.2\junit-jupiter-engine-5.5.2.jar;D:\D\JavaWorks\maven_repositry\org\junit\vintage\junit-vintage-engine\5.5.2\junit-vintage-engine-5.5.2.jar;D:\D\JavaWorks\maven_repositry\org\apiguardian\apiguardian-api\1.1.0\apiguardian-api-1.1.0.jar;D:\D\JavaWorks\maven_repositry\org\junit\platform\junit-platform-engine\1.5.2\junit-platform-engine-1.5.2.jar;D:\D\JavaWorks\maven_repositry\junit\junit\4.12\junit-4.12.jar;D:\D\JavaWorks\maven_repositry\org\mockito\mockito-junit-jupiter\3.1.0\mockito-junit-jupiter-3.1.0.jar;D:\D\JavaWorks\maven_repositry\org\assertj\assertj-core\3.13.2\assertj-core-3.13.2.jar;D:\D\JavaWorks\maven_repositry\org\hamcrest\hamcrest\2.1\hamcrest-2.1.jar;D:\D\JavaWorks\maven_repositry\org\mockito\mockito-core\3.1.0\mockito-core-3.1.0.jar;D:\D\JavaWorks\maven_repositry\net\bytebuddy\byte-buddy\1.10.4\byte-buddy-1.10.4.jar;D:\D\JavaWorks\maven_repositry\net\bytebuddy\byte-buddy-agent\1.10.4\byte-buddy-agent-1.10.4.jar;D:\D\JavaWorks\maven_repositry\org\objenesis\objenesis\2.6\objenesis-2.6.jar;D:\D\JavaWorks\maven_repositry\org\skyscreamer\jsonassert\1.5.0\jsonassert-1.5.0.jar;D:\D\JavaWorks\maven_repositry\com\vaadin\external\google\android-json\0.0.20131108.vaadin1\android-json-0.0.20131108.vaadin1.jar;D:\D\JavaWorks\maven_repositry\org\springframework\spring-core\5.2.2.RELEASE\spring-core-5.2.2.RELEASE.jar;D:\D\JavaWorks\maven_repositry\org\springframework\spring-jcl\5.2.2.RELEASE\spring-jcl-5.2.2.RELEASE.jar;D:\D\JavaWorks\maven_repositry\org\springframework\spring-test\5.2.2.RELEASE\spring-test-5.2.2.RELEASE.jar;D:\D\JavaWorks\maven_repositry\org\xmlunit\xmlunit-core\2.6.3\xmlunit-core-2.6.3.jar;D:\D\JavaWorks\maven_repositry\org\springframework\boot\spring-boot-devtools\2.2.2.RELEASE\spring-boot-devtools-2.2.2.RELEASE.jar;D:\D\JavaWorks\maven_repositry\org\springframework\boot\spring-boot-starter-amqp\2.2.2.RELEASE\spring-boot-starter-amqp-2.2.2.RELEASE.jar;D:\D\JavaWorks\maven_repositry\org\springframework\spring-messaging\5.2.2.RELEASE\spring-messaging-5.2.2.RELEASE.jar;D:\D\JavaWorks\maven_repositry\org\springframework\amqp\spring-rabbit\2.2.2.RELEASE\spring-rabbit-2.2.2.RELEASE.jar;D:\D\JavaWorks\maven_repositry\com\rabbitmq\amqp-client\5.7.3\amqp-client-5.7.3.jar;D:\D\JavaWorks\maven_repositry\org\springframework\amqp\spring-amqp\2.2.2.RELEASE\spring-amqp-2.2.2.RELEASE.jar;D:\D\JavaWorks\maven_repositry\org\springframework\retry\spring-retry\1.2.4.RELEASE\spring-retry-1.2.4.RELEASE.jar;"/>
    <property name="sun.cpu.endian" value="little"/>
    <property name="user.home" value="C:\Users\lenovo"/>
    <property name="user.language" value="zh"/>
    <property name="java.specification.vendor" value="Oracle Corporation"/>
    <property name="java.version.date" value="2020-01-14"/>
    <property name="java.home" value="D:\D\Java11"/>
    <property name="file.separator" value="\"/>
    <property name="basedir" value="D:\D\JavaWorks\Java-MiaoShaSystem-master - 1"/>
    <property name="java.vm.compressedOopsMode" value="Zero based"/>
    <property name="line.separator" value="&#10;"/>
    <property name="java.specification.name" value="Java Platform API Specification"/>
    <property name="java.vm.specification.vendor" value="Oracle Corporation"/>
    <property name="java.awt.graphicsenv" value="sun.awt.Win32GraphicsEnvironment"/>
    <property name="idea.version2020.1.2" value="true"/>
    <property name="surefire.real.class.path" value="C:\Users\lenovo\AppData\Local\Temp\surefire6792292898118473008\surefirebooter3173092724684533916.jar"/>
    <property name="user.script" value=""/>
    <property name="sun.management.compiler" value="HotSpot 64-Bit Tiered Compilers"/>
    <property name="java.runtime.version" value="11.0.6+8-LTS"/>
    <property name="user.name" value="lenovo"/>
    <property name="path.separator" value=";"/>
    <property name="os.version" value="10.0"/>
    <property name="java.runtime.name" value="Java(TM) SE Runtime Environment"/>
    <property name="file.encoding" value="GBK"/>
    <property name="java.vm.name" value="Java HotSpot(TM) 64-Bit Server VM"/>
    <property name="java.vendor.version" value="18.9"/>
    <property name="localRepository" value="D:\D\JavaWorks\maven_repositry"/>
    <property name="java.vendor.url.bug" value="http://bugreport.java.com/bugreport/"/>
    <property name="java.io.tmpdir" value="C:\Users\lenovo\AppData\Local\Temp\"/>
    <property name="java.version" value="11.0.6"/>
    <property name="user.dir" value="D:\D\JavaWorks\Java-MiaoShaSystem-master - 1"/>
    <property name="os.arch" value="amd64"/>
    <property name="java.vm.specification.name" value="Java Virtual Machine Specification"/>
    <property name="java.awt.printerjob" value="sun.awt.windows.WPrinterJob"/>
    <property name="sun.os.patch.level" value=""/>
    <property name="java.library.path" value="D:\D\Java11\bin;C:\windows\Sun\Java\bin;C:\windows\system32;C:\windows;D:\G\Xftp\xshell\;D:\G\Xftp\xftp\;C:\windows\system32;C:\windows;C:\windows\System32\Wbem;C:\windows\System32\WindowsPowerShell\v1.0\;C:\windows\System32\OpenSSH\;C:\Program Files (x86)\NVIDIA Corporation\PhysX\Common;C:\Program Files\NVIDIA Corporation\NVIDIA NvDLISR;D:\D\Java11\bin;D:\D\Java11\jre\bin;C:\Program Files\Git\cmd;D:\D\JavaWorks\maven\apache-maven-3.6.3\bin;D:\G\cmder;C:\Users\lenovo\AppData\Local\Microsoft\WindowsApps;D:\G\bandzip\setup\;."/>
    <property name="java.vendor" value="Oracle Corporation"/>
    <property name="java.vm.info" value="mixed mode"/>
    <property name="java.vm.version" value="11.0.6+8-LTS"/>
    <property name="sun.io.unicode.encoding" value="UnicodeLittle"/>
    <property name="java.class.version" value="55.0"/>
  </properties>
  <testcase name="testInsert" classname="cn.wtyoha.maiosha.dao.TestOrderInfoDao" time="0.221"/>
</testsuite>